<?xml version="1.0" encoding="UTF-8"?>
<testsuite name="unit.CafeKioskTest" tests="1" skipped="0" failures="0" errors="0" timestamp="2024-08-26T14:58:03" hostname="bagjinhong-ui-MacBookPro.local" time="0.026">
  <properties/>
  <testcase name="add()" classname="unit.CafeKioskTest" time="0.026"/>
  <system-out><![CDATA[]]></system-out>
  <system-err><![CDATA[]]></system-err>
</testsuite>
